2017-11-01 18:49:24 ERROR IndexController:37 - Error grave obteniendo Usuarios desde WS.
com.sun.xml.internal.ws.client.ClientTransportException: Error de transporte HTTP: java.net.ConnectException: Connection refused (Connection refused)
	at com.sun.xml.internal.ws.transport.http.client.HttpClientTransport.getOutput(HttpClientTransport.java:117)
	at com.sun.xml.internal.ws.transport.http.client.HttpTransportPipe.process(HttpTransportPipe.java:208)
	at com.sun.xml.internal.ws.transport.http.client.HttpTransportPipe.processRequest(HttpTransportPipe.java:130)
	at com.sun.xml.internal.ws.transport.DeferredTransportPipe.processRequest(DeferredTransportPipe.java:95)
	at com.sun.xml.internal.ws.api.pipe.Fiber.__doRun(Fiber.java:1121)
	at com.sun.xml.internal.ws.api.pipe.Fiber._doRun(Fiber.java:1035)
	at com.sun.xml.internal.ws.api.pipe.Fiber.doRun(Fiber.java:1004)
	at com.sun.xml.internal.ws.api.pipe.Fiber.runSync(Fiber.java:862)
	at com.sun.xml.internal.ws.client.Stub.process(Stub.java:448)
	at com.sun.xml.internal.ws.client.sei.SEIStub.doProcess(SEIStub.java:178)
	at com.sun.xml.internal.ws.client.sei.SyncMethodHandler.invoke(SyncMethodHandler.java:93)
	at com.sun.xml.internal.ws.client.sei.SyncMethodHandler.invoke(SyncMethodHandler.java:77)
	at com.sun.xml.internal.ws.client.sei.SEIStub.invoke(SEIStub.java:147)
	at com.sun.proxy.$Proxy35.uSel(Unknown Source)
	at cl.duoc.portafolio.controller.IndexController.getUsuarios(IndexController.java:34)
	at cl.duoc.portafolio.vista.Index.btnListarUsuariosActionPerformed(Index.java:101)
	at cl.duoc.portafolio.vista.Index.access$000(Index.java:19)
	at cl.duoc.portafolio.vista.Index$1.actionPerformed(Index.java:67)
	at javax.swing.AbstractButton.fireActionPerformed(AbstractButton.java:2022)
	at javax.swing.AbstractButton$Handler.actionPerformed(AbstractButton.java:2348)
	at javax.swing.DefaultButtonModel.fireActionPerformed(DefaultButtonModel.java:402)
	at javax.swing.DefaultButtonModel.setPressed(DefaultButtonModel.java:259)
	at javax.swing.plaf.basic.BasicButtonListener.mouseReleased(BasicButtonListener.java:252)
	at java.awt.Component.processMouseEvent(Component.java:6533)
	at javax.swing.JComponent.processMouseEvent(JComponent.java:3324)
	at java.awt.Component.processEvent(Component.java:6298)
	at java.awt.Container.processEvent(Container.java:2236)
	at java.awt.Component.dispatchEventImpl(Component.java:4889)
	at java.awt.Container.dispatchEventImpl(Container.java:2294)
	at java.awt.Component.dispatchEvent(Component.java:4711)
	at java.awt.LightweightDispatcher.retargetMouseEvent(Container.java:4888)
	at java.awt.LightweightDispatcher.processMouseEvent(Container.java:4525)
	at java.awt.LightweightDispatcher.dispatchEvent(Container.java:4466)
	at java.awt.Container.dispatchEventImpl(Container.java:2280)
	at java.awt.Window.dispatchEventImpl(Window.java:2746)
	at java.awt.Component.dispatchEvent(Component.java:4711)
	at java.awt.EventQueue.dispatchEventImpl(EventQueue.java:758)
	at java.awt.EventQueue.access$500(EventQueue.java:97)
	at java.awt.EventQueue$3.run(EventQueue.java:709)
	at java.awt.EventQueue$3.run(EventQueue.java:703)
	at java.security.AccessController.doPrivileged(Native Method)
	at java.security.ProtectionDomain$JavaSecurityAccessImpl.doIntersectionPrivilege(ProtectionDomain.java:80)
	at java.security.ProtectionDomain$JavaSecurityAccessImpl.doIntersectionPrivilege(ProtectionDomain.java:90)
	at java.awt.EventQueue$4.run(EventQueue.java:731)
	at java.awt.EventQueue$4.run(EventQueue.java:729)
	at java.security.AccessController.doPrivileged(Native Method)
	at java.security.ProtectionDomain$JavaSecurityAccessImpl.doIntersectionPrivilege(ProtectionDomain.java:80)
	at java.awt.EventQueue.dispatchEvent(EventQueue.java:728)
	at java.awt.EventDispatchThread.pumpOneEventForFilters(EventDispatchThread.java:201)
	at java.awt.EventDispatchThread.pumpEventsForFilter(EventDispatchThread.java:116)
	at java.awt.EventDispatchThread.pumpEventsForHierarchy(EventDispatchThread.java:105)
	at java.awt.EventDispatchThread.pumpEvents(EventDispatchThread.java:101)
	at java.awt.EventDispatchThread.pumpEvents(EventDispatchThread.java:93)
	at java.awt.EventDispatchThread.run(EventDispatchThread.java:82)
Caused by: java.net.ConnectException: Connection refused (Connection refused)
	at java.net.PlainSocketImpl.socketConnect(Native Method)
	at java.net.AbstractPlainSocketImpl.doConnect(AbstractPlainSocketImpl.java:350)
	at java.net.AbstractPlainSocketImpl.connectToAddress(AbstractPlainSocketImpl.java:206)
	at java.net.AbstractPlainSocketImpl.connect(AbstractPlainSocketImpl.java:188)
	at java.net.SocksSocketImpl.connect(SocksSocketImpl.java:392)
	at java.net.Socket.connect(Socket.java:589)
	at java.net.Socket.connect(Socket.java:538)
	at sun.net.NetworkClient.doConnect(NetworkClient.java:180)
	at sun.net.www.http.HttpClient.openServer(HttpClient.java:463)
	at sun.net.www.http.HttpClient.openServer(HttpClient.java:558)
	at sun.net.www.http.HttpClient.<init>(HttpClient.java:242)
	at sun.net.www.http.HttpClient.New(HttpClient.java:339)
	at sun.net.www.http.HttpClient.New(HttpClient.java:357)
	at sun.net.www.protocol.http.HttpURLConnection.getNewHttpClient(HttpURLConnection.java:1220)
	at sun.net.www.protocol.http.HttpURLConnection.plainConnect0(HttpURLConnection.java:1199)
	at sun.net.www.protocol.http.HttpURLConnection.plainConnect(HttpURLConnection.java:1050)
	at sun.net.www.protocol.http.HttpURLConnection.connect(HttpURLConnection.java:984)
	at sun.net.www.protocol.http.HttpURLConnection.getOutputStream0(HttpURLConnection.java:1334)
	at sun.net.www.protocol.http.HttpURLConnection.getOutputStream(HttpURLConnection.java:1309)
	at com.sun.xml.internal.ws.transport.http.client.HttpClientTransport.getOutput(HttpClientTransport.java:104)
	... 53 more
2017-11-01 18:52:45 ERROR IndexController:37 - Error grave obteniendo Usuarios desde WS.
com.sun.xml.internal.ws.client.ClientTransportException: Error de transporte HTTP: java.net.ConnectException: Connection refused (Connection refused)
	at com.sun.xml.internal.ws.transport.http.client.HttpClientTransport.getOutput(HttpClientTransport.java:117)
	at com.sun.xml.internal.ws.transport.http.client.HttpTransportPipe.process(HttpTransportPipe.java:208)
	at com.sun.xml.internal.ws.transport.http.client.HttpTransportPipe.processRequest(HttpTransportPipe.java:130)
	at com.sun.xml.internal.ws.transport.DeferredTransportPipe.processRequest(DeferredTransportPipe.java:95)
	at com.sun.xml.internal.ws.api.pipe.Fiber.__doRun(Fiber.java:1121)
	at com.sun.xml.internal.ws.api.pipe.Fiber._doRun(Fiber.java:1035)
	at com.sun.xml.internal.ws.api.pipe.Fiber.doRun(Fiber.java:1004)
	at com.sun.xml.internal.ws.api.pipe.Fiber.runSync(Fiber.java:862)
	at com.sun.xml.internal.ws.client.Stub.process(Stub.java:448)
	at com.sun.xml.internal.ws.client.sei.SEIStub.doProcess(SEIStub.java:178)
	at com.sun.xml.internal.ws.client.sei.SyncMethodHandler.invoke(SyncMethodHandler.java:93)
	at com.sun.xml.internal.ws.client.sei.SyncMethodHandler.invoke(SyncMethodHandler.java:77)
	at com.sun.xml.internal.ws.client.sei.SEIStub.invoke(SEIStub.java:147)
	at com.sun.proxy.$Proxy35.uSel(Unknown Source)
	at cl.duoc.portafolio.controller.IndexController.getUsuarios(IndexController.java:34)
	at cl.duoc.portafolio.vista.Index.btnListarUsuariosActionPerformed(Index.java:101)
	at cl.duoc.portafolio.vista.Index.access$000(Index.java:19)
	at cl.duoc.portafolio.vista.Index$1.actionPerformed(Index.java:67)
	at javax.swing.AbstractButton.fireActionPerformed(AbstractButton.java:2022)
	at javax.swing.AbstractButton$Handler.actionPerformed(AbstractButton.java:2348)
	at javax.swing.DefaultButtonModel.fireActionPerformed(DefaultButtonModel.java:402)
	at javax.swing.DefaultButtonModel.setPressed(DefaultButtonModel.java:259)
	at javax.swing.plaf.basic.BasicButtonListener.mouseReleased(BasicButtonListener.java:252)
	at java.awt.Component.processMouseEvent(Component.java:6533)
	at javax.swing.JComponent.processMouseEvent(JComponent.java:3324)
	at java.awt.Component.processEvent(Component.java:6298)
	at java.awt.Container.processEvent(Container.java:2236)
	at java.awt.Component.dispatchEventImpl(Component.java:4889)
	at java.awt.Container.dispatchEventImpl(Container.java:2294)
	at java.awt.Component.dispatchEvent(Component.java:4711)
	at java.awt.LightweightDispatcher.retargetMouseEvent(Container.java:4888)
	at java.awt.LightweightDispatcher.processMouseEvent(Container.java:4525)
	at java.awt.LightweightDispatcher.dispatchEvent(Container.java:4466)
	at java.awt.Container.dispatchEventImpl(Container.java:2280)
	at java.awt.Window.dispatchEventImpl(Window.java:2746)
	at java.awt.Component.dispatchEvent(Component.java:4711)
	at java.awt.EventQueue.dispatchEventImpl(EventQueue.java:758)
	at java.awt.EventQueue.access$500(EventQueue.java:97)
	at java.awt.EventQueue$3.run(EventQueue.java:709)
	at java.awt.EventQueue$3.run(EventQueue.java:703)
	at java.security.AccessController.doPrivileged(Native Method)
	at java.security.ProtectionDomain$JavaSecurityAccessImpl.doIntersectionPrivilege(ProtectionDomain.java:80)
	at java.security.ProtectionDomain$JavaSecurityAccessImpl.doIntersectionPrivilege(ProtectionDomain.java:90)
	at java.awt.EventQueue$4.run(EventQueue.java:731)
	at java.awt.EventQueue$4.run(EventQueue.java:729)
	at java.security.AccessController.doPrivileged(Native Method)
	at java.security.ProtectionDomain$JavaSecurityAccessImpl.doIntersectionPrivilege(ProtectionDomain.java:80)
	at java.awt.EventQueue.dispatchEvent(EventQueue.java:728)
	at java.awt.EventDispatchThread.pumpOneEventForFilters(EventDispatchThread.java:201)
	at java.awt.EventDispatchThread.pumpEventsForFilter(EventDispatchThread.java:116)
	at java.awt.EventDispatchThread.pumpEventsForHierarchy(EventDispatchThread.java:105)
	at java.awt.EventDispatchThread.pumpEvents(EventDispatchThread.java:101)
	at java.awt.EventDispatchThread.pumpEvents(EventDispatchThread.java:93)
	at java.awt.EventDispatchThread.run(EventDispatchThread.java:82)
Caused by: java.net.ConnectException: Connection refused (Connection refused)
	at java.net.PlainSocketImpl.socketConnect(Native Method)
	at java.net.AbstractPlainSocketImpl.doConnect(AbstractPlainSocketImpl.java:350)
	at java.net.AbstractPlainSocketImpl.connectToAddress(AbstractPlainSocketImpl.java:206)
	at java.net.AbstractPlainSocketImpl.connect(AbstractPlainSocketImpl.java:188)
	at java.net.SocksSocketImpl.connect(SocksSocketImpl.java:392)
	at java.net.Socket.connect(Socket.java:589)
	at java.net.Socket.connect(Socket.java:538)
	at sun.net.NetworkClient.doConnect(NetworkClient.java:180)
	at sun.net.www.http.HttpClient.openServer(HttpClient.java:463)
	at sun.net.www.http.HttpClient.openServer(HttpClient.java:558)
	at sun.net.www.http.HttpClient.<init>(HttpClient.java:242)
	at sun.net.www.http.HttpClient.New(HttpClient.java:339)
	at sun.net.www.http.HttpClient.New(HttpClient.java:357)
	at sun.net.www.protocol.http.HttpURLConnection.getNewHttpClient(HttpURLConnection.java:1220)
	at sun.net.www.protocol.http.HttpURLConnection.plainConnect0(HttpURLConnection.java:1199)
	at sun.net.www.protocol.http.HttpURLConnection.plainConnect(HttpURLConnection.java:1050)
	at sun.net.www.protocol.http.HttpURLConnection.connect(HttpURLConnection.java:984)
	at sun.net.www.protocol.http.HttpURLConnection.getOutputStream0(HttpURLConnection.java:1334)
	at sun.net.www.protocol.http.HttpURLConnection.getOutputStream(HttpURLConnection.java:1309)
	at com.sun.xml.internal.ws.transport.http.client.HttpClientTransport.getOutput(HttpClientTransport.java:104)
	... 53 more
2017-11-01 19:04:00 ERROR IndexController:37 - Error grave obteniendo Usuarios desde WS.
com.sun.xml.internal.ws.client.ClientTransportException: El servidor ha enviado el código de estado HTTP 404: Not Found
	at com.sun.xml.internal.ws.transport.http.client.HttpTransportPipe.checkStatusCode(HttpTransportPipe.java:310)
	at com.sun.xml.internal.ws.transport.http.client.HttpTransportPipe.createResponsePacket(HttpTransportPipe.java:259)
	at com.sun.xml.internal.ws.transport.http.client.HttpTransportPipe.process(HttpTransportPipe.java:217)
	at com.sun.xml.internal.ws.transport.http.client.HttpTransportPipe.processRequest(HttpTransportPipe.java:130)
	at com.sun.xml.internal.ws.transport.DeferredTransportPipe.processRequest(DeferredTransportPipe.java:95)
	at com.sun.xml.internal.ws.api.pipe.Fiber.__doRun(Fiber.java:1121)
	at com.sun.xml.internal.ws.api.pipe.Fiber._doRun(Fiber.java:1035)
	at com.sun.xml.internal.ws.api.pipe.Fiber.doRun(Fiber.java:1004)
	at com.sun.xml.internal.ws.api.pipe.Fiber.runSync(Fiber.java:862)
	at com.sun.xml.internal.ws.client.Stub.process(Stub.java:448)
	at com.sun.xml.internal.ws.client.sei.SEIStub.doProcess(SEIStub.java:178)
	at com.sun.xml.internal.ws.client.sei.SyncMethodHandler.invoke(SyncMethodHandler.java:93)
	at com.sun.xml.internal.ws.client.sei.SyncMethodHandler.invoke(SyncMethodHandler.java:77)
	at com.sun.xml.internal.ws.client.sei.SEIStub.invoke(SEIStub.java:147)
	at com.sun.proxy.$Proxy35.uSel(Unknown Source)
	at cl.duoc.portafolio.controller.IndexController.getUsuarios(IndexController.java:34)
	at cl.duoc.portafolio.vista.Index.btnListarUsuariosActionPerformed(Index.java:101)
	at cl.duoc.portafolio.vista.Index.access$000(Index.java:19)
	at cl.duoc.portafolio.vista.Index$1.actionPerformed(Index.java:67)
	at javax.swing.AbstractButton.fireActionPerformed(AbstractButton.java:2022)
	at javax.swing.AbstractButton$Handler.actionPerformed(AbstractButton.java:2348)
	at javax.swing.DefaultButtonModel.fireActionPerformed(DefaultButtonModel.java:402)
	at javax.swing.DefaultButtonModel.setPressed(DefaultButtonModel.java:259)
	at javax.swing.plaf.basic.BasicButtonListener.mouseReleased(BasicButtonListener.java:252)
	at java.awt.Component.processMouseEvent(Component.java:6533)
	at javax.swing.JComponent.processMouseEvent(JComponent.java:3324)
	at java.awt.Component.processEvent(Component.java:6298)
	at java.awt.Container.processEvent(Container.java:2236)
	at java.awt.Component.dispatchEventImpl(Component.java:4889)
	at java.awt.Container.dispatchEventImpl(Container.java:2294)
	at java.awt.Component.dispatchEvent(Component.java:4711)
	at java.awt.LightweightDispatcher.retargetMouseEvent(Container.java:4888)
	at java.awt.LightweightDispatcher.processMouseEvent(Container.java:4525)
	at java.awt.LightweightDispatcher.dispatchEvent(Container.java:4466)
	at java.awt.Container.dispatchEventImpl(Container.java:2280)
	at java.awt.Window.dispatchEventImpl(Window.java:2746)
	at java.awt.Component.dispatchEvent(Component.java:4711)
	at java.awt.EventQueue.dispatchEventImpl(EventQueue.java:758)
	at java.awt.EventQueue.access$500(EventQueue.java:97)
	at java.awt.EventQueue$3.run(EventQueue.java:709)
	at java.awt.EventQueue$3.run(EventQueue.java:703)
	at java.security.AccessController.doPrivileged(Native Method)
	at java.security.ProtectionDomain$JavaSecurityAccessImpl.doIntersectionPrivilege(ProtectionDomain.java:80)
	at java.security.ProtectionDomain$JavaSecurityAccessImpl.doIntersectionPrivilege(ProtectionDomain.java:90)
	at java.awt.EventQueue$4.run(EventQueue.java:731)
	at java.awt.EventQueue$4.run(EventQueue.java:729)
	at java.security.AccessController.doPrivileged(Native Method)
	at java.security.ProtectionDomain$JavaSecurityAccessImpl.doIntersectionPrivilege(ProtectionDomain.java:80)
	at java.awt.EventQueue.dispatchEvent(EventQueue.java:728)
	at java.awt.EventDispatchThread.pumpOneEventForFilters(EventDispatchThread.java:201)
	at java.awt.EventDispatchThread.pumpEventsForFilter(EventDispatchThread.java:116)
	at java.awt.EventDispatchThread.pumpEventsForHierarchy(EventDispatchThread.java:105)
	at java.awt.EventDispatchThread.pumpEvents(EventDispatchThread.java:101)
	at java.awt.EventDispatchThread.pumpEvents(EventDispatchThread.java:93)
	at java.awt.EventDispatchThread.run(EventDispatchThread.java:82)
2017-11-01 19:04:05 ERROR IndexController:37 - Error grave obteniendo Usuarios desde WS.
com.sun.xml.internal.ws.client.ClientTransportException: El servidor ha enviado el código de estado HTTP 404: Not Found
	at com.sun.xml.internal.ws.transport.http.client.HttpTransportPipe.checkStatusCode(HttpTransportPipe.java:310)
	at com.sun.xml.internal.ws.transport.http.client.HttpTransportPipe.createResponsePacket(HttpTransportPipe.java:259)
	at com.sun.xml.internal.ws.transport.http.client.HttpTransportPipe.process(HttpTransportPipe.java:217)
	at com.sun.xml.internal.ws.transport.http.client.HttpTransportPipe.processRequest(HttpTransportPipe.java:130)
	at com.sun.xml.internal.ws.transport.DeferredTransportPipe.processRequest(DeferredTransportPipe.java:95)
	at com.sun.xml.internal.ws.api.pipe.Fiber.__doRun(Fiber.java:1121)
	at com.sun.xml.internal.ws.api.pipe.Fiber._doRun(Fiber.java:1035)
	at com.sun.xml.internal.ws.api.pipe.Fiber.doRun(Fiber.java:1004)
	at com.sun.xml.internal.ws.api.pipe.Fiber.runSync(Fiber.java:862)
	at com.sun.xml.internal.ws.client.Stub.process(Stub.java:448)
	at com.sun.xml.internal.ws.client.sei.SEIStub.doProcess(SEIStub.java:178)
	at com.sun.xml.internal.ws.client.sei.SyncMethodHandler.invoke(SyncMethodHandler.java:93)
	at com.sun.xml.internal.ws.client.sei.SyncMethodHandler.invoke(SyncMethodHandler.java:77)
	at com.sun.xml.internal.ws.client.sei.SEIStub.invoke(SEIStub.java:147)
	at com.sun.proxy.$Proxy35.uSel(Unknown Source)
	at cl.duoc.portafolio.controller.IndexController.getUsuarios(IndexController.java:34)
	at cl.duoc.portafolio.vista.Index.btnListarUsuariosActionPerformed(Index.java:101)
	at cl.duoc.portafolio.vista.Index.access$000(Index.java:19)
	at cl.duoc.portafolio.vista.Index$1.actionPerformed(Index.java:67)
	at javax.swing.AbstractButton.fireActionPerformed(AbstractButton.java:2022)
	at javax.swing.AbstractButton$Handler.actionPerformed(AbstractButton.java:2348)
	at javax.swing.DefaultButtonModel.fireActionPerformed(DefaultButtonModel.java:402)
	at javax.swing.DefaultButtonModel.setPressed(DefaultButtonModel.java:259)
	at javax.swing.plaf.basic.BasicButtonListener.mouseReleased(BasicButtonListener.java:252)
	at java.awt.Component.processMouseEvent(Component.java:6533)
	at javax.swing.JComponent.processMouseEvent(JComponent.java:3324)
	at java.awt.Component.processEvent(Component.java:6298)
	at java.awt.Container.processEvent(Container.java:2236)
	at java.awt.Component.dispatchEventImpl(Component.java:4889)
	at java.awt.Container.dispatchEventImpl(Container.java:2294)
	at java.awt.Component.dispatchEvent(Component.java:4711)
	at java.awt.LightweightDispatcher.retargetMouseEvent(Container.java:4888)
	at java.awt.LightweightDispatcher.processMouseEvent(Container.java:4525)
	at java.awt.LightweightDispatcher.dispatchEvent(Container.java:4466)
	at java.awt.Container.dispatchEventImpl(Container.java:2280)
	at java.awt.Window.dispatchEventImpl(Window.java:2746)
	at java.awt.Component.dispatchEvent(Component.java:4711)
	at java.awt.EventQueue.dispatchEventImpl(EventQueue.java:758)
	at java.awt.EventQueue.access$500(EventQueue.java:97)
	at java.awt.EventQueue$3.run(EventQueue.java:709)
	at java.awt.EventQueue$3.run(EventQueue.java:703)
	at java.security.AccessController.doPrivileged(Native Method)
	at java.security.ProtectionDomain$JavaSecurityAccessImpl.doIntersectionPrivilege(ProtectionDomain.java:80)
	at java.security.ProtectionDomain$JavaSecurityAccessImpl.doIntersectionPrivilege(ProtectionDomain.java:90)
	at java.awt.EventQueue$4.run(EventQueue.java:731)
	at java.awt.EventQueue$4.run(EventQueue.java:729)
	at java.security.AccessController.doPrivileged(Native Method)
	at java.security.ProtectionDomain$JavaSecurityAccessImpl.doIntersectionPrivilege(ProtectionDomain.java:80)
	at java.awt.EventQueue.dispatchEvent(EventQueue.java:728)
	at java.awt.EventDispatchThread.pumpOneEventForFilters(EventDispatchThread.java:201)
	at java.awt.EventDispatchThread.pumpEventsForFilter(EventDispatchThread.java:116)
	at java.awt.EventDispatchThread.pumpEventsForHierarchy(EventDispatchThread.java:105)
	at java.awt.EventDispatchThread.pumpEvents(EventDispatchThread.java:101)
	at java.awt.EventDispatchThread.pumpEvents(EventDispatchThread.java:93)
	at java.awt.EventDispatchThread.run(EventDispatchThread.java:82)
